# JRE version: Java(TM) SE Runtime Environment (8.0_11-b12) (build 1.8.0_11-b12)
# Java VM: Java HotSpot(TM) 64-Bit Server VM (25.11-b03 mixed mode bsd-amd64 compressed oops)
Heap:
 PSYoungGen      total 11776K, used 4086K [0x00000007aab00000, 0x00000007ab800000, 0x00000007c0000000)
  eden space 10240K, 33% used [0x00000007aab00000,0x00000007aae558b0,0x00000007ab500000)
  from space 1536K, 43% used [0x00000007ab680000,0x00000007ab728000,0x00000007ab800000)
  to   space 1536K, 0% used [0x00000007ab500000,0x00000007ab500000,0x00000007ab680000)
 ParOldGen       total 64000K, used 7359K [0x0000000780000000, 0x0000000783e80000, 0x00000007aab00000)
  object space 64000K, 11% used [0x0000000780000000,0x000000078072fcd0,0x0000000783e80000)
 Metaspace       used 7365K, capacity 7535K, committed 7808K, reserved 1056768K
  class space    used 717K, capacity 786K, committed 896K, reserved 1048576K
GC Heap History (10 events):
Event: 12.450 GC heap before
{Heap before GC invocations=14 (full 0):
 PSYoungGen      total 12800K, used 12519K [0x00000007aab00000, 0x00000007aba80000, 0x00000007c0000000)
  eden space 11776K, 99% used [0x00000007aab00000,0x00000007ab679f48,0x00000007ab680000)
  from space 1024K, 75% used [0x00000007ab700000,0x00000007ab7c0000,0x00000007ab800000)
  to   space 2048K, 0% used [0x00000007ab880000,0x00000007ab880000,0x00000007aba80000)
 ParOldGen       total 64000K, used 4632K [0x0000000780000000, 0x0000000783e80000, 0x00000007aab00000)
  object space 64000K, 7% used [0x0000000780000000,0x0000000780486120,0x0000000783e80000)
 Metaspace       used 7347K, capacity 7439K, committed 7680K, reserved 1056768K
  class space    used 713K, capacity 754K, committed 768K, reserved 1048576K
Event: 12.452 GC heap after
Heap after GC invocations=14 (full 0):
 PSYoungGen      total 12800K, used 768K [0x00000007aab00000, 0x00000007aba00000, 0x00000007c0000000)
  eden space 11264K, 0% used [0x00000007aab00000,0x00000007aab00000,0x00000007ab600000)
  from space 1536K, 50% used [0x00000007ab880000,0x00000007ab940000,0x00000007aba00000)
  to   space 2048K, 0% used [0x00000007ab600000,0x00000007ab600000,0x00000007ab800000)
 ParOldGen       total 64000K, used 5216K [0x0000000780000000, 0x0000000783e80000, 0x00000007aab00000)
  object space 64000K, 8% used [0x0000000780000000,0x0000000780518120,0x0000000783e80000)
 Metaspace       used 7347K, capacity 7439K, committed 7680K, reserved 1056768K
  class space    used 713K, capacity 754K, committed 768K, reserved 1048576K
}
Event: 14.295 GC heap before
{Heap before GC invocations=15 (full 0):
 PSYoungGen      total 12800K, used 12027K [0x00000007aab00000, 0x00000007aba00000, 0x00000007c0000000)
  eden space 11264K, 99% used [0x00000007aab00000,0x00000007ab5fee58,0x00000007ab600000)
  from space 1536K, 50% used [0x00000007ab880000,0x00000007ab940000,0x00000007aba00000)
  to   space 2048K, 0% used [0x00000007ab600000,0x00000007ab600000,0x00000007ab800000)
 ParOldGen       total 64000K, used 5216K [0x0000000780000000, 0x0000000783e80000, 0x00000007aab00000)
  object space 64000K, 8% used [0x0000000780000000,0x0000000780518120,0x0000000783e80000)
 Metaspace       used 7350K, capacity 7503K, committed 7680K, reserved 1056768K
  class space    used 714K, capacity 754K, committed 768K, reserved 1048576K
Event: 14.297 GC heap after
Heap after GC invocations=15 (full 0):
 PSYoungGen      total 11776K, used 672K [0x00000007aab00000, 0x00000007ab900000, 0x00000007c0000000)
  eden space 10752K, 0% used [0x00000007aab00000,0x00000007aab00000,0x00000007ab580000)
  from space 1024K, 65% used [0x00000007ab600000,0x00000007ab6a8000,0x00000007ab700000)
  to   space 1536K, 0% used [0x00000007ab780000,0x00000007ab780000,0x00000007ab900000)
 ParOldGen       total 64000K, used 5793K [0x0000000780000000, 0x0000000783e80000, 0x00000007aab00000)
  object space 64000K, 9% used [0x0000000780000000,0x00000007805a8718,0x0000000783e80000)
 Metaspace       used 7350K, capacity 7503K, committed 7680K, reserved 1056768K
  class space    used 714K, capacity 754K, committed 768K, reserved 1048576K
}
Event: 16.095 GC heap before
{Heap before GC invocations=16 (full 0):
 PSYoungGen      total 11776K, used 11424K [0x00000007aab00000, 0x00000007ab900000, 0x00000007c0000000)
  eden space 10752K, 100% used [0x00000007aab00000,0x00000007ab580000,0x00000007ab580000)
  from space 1024K, 65% used [0x00000007ab600000,0x00000007ab6a8000,0x00000007ab700000)
  to   space 1536K, 0% used [0x00000007ab780000,0x00000007ab780000,0x00000007ab900000)
 ParOldGen       total 64000K, used 5793K [0x0000000780000000, 0x0000000783e80000, 0x00000007aab00000)
  object space 64000K, 9% used [0x0000000780000000,0x00000007805a8718,0x0000000783e80000)
 Metaspace       used 7351K, capacity 7503K, committed 7680K, reserved 1056768K
  class space    used 714K, capacity 754K, committed 768K, reserved 1048576K
Event: 16.096 GC heap after
Heap after GC invocations=16 (full 0):
 PSYoungGen      total 11264K, used 672K [0x00000007aab00000, 0x00000007ab880000, 0x00000007c0000000)
  eden space 10240K, 0% used [0x00000007aab00000,0x00000007aab00000,0x00000007ab500000)
  from space 1024K, 65% used [0x00000007ab780000,0x00000007ab828000,0x00000007ab880000)
  to   space 1536K, 0% used [0x00000007ab580000,0x00000007ab580000,0x00000007ab700000)
 ParOldGen       total 64000K, used 6351K [0x0000000780000000, 0x0000000783e80000, 0x00000007aab00000)
  object space 64000K, 9% used [0x0000000780000000,0x0000000780633cd0,0x0000000783e80000)
 Metaspace       used 7351K, capacity 7503K, committed 7680K, reserved 1056768K
  class space    used 714K, capacity 754K, committed 768K, reserved 1048576K
}
Event: 17.795 GC heap before
{Heap before GC invocations=17 (full 0):
 PSYoungGen      total 11264K, used 10843K [0x00000007aab00000, 0x00000007ab880000, 0x00000007c0000000)
  eden space 10240K, 99% used [0x00000007aab00000,0x00000007ab4eefc8,0x00000007ab500000)
  from space 1024K, 65% used [0x00000007ab780000,0x00000007ab828000,0x00000007ab880000)
  to   space 1536K, 0% used [0x00000007ab580000,0x00000007ab580000,0x00000007ab700000)
 ParOldGen       total 64000K, used 6351K [0x0000000780000000, 0x0000000783e80000, 0x00000007aab00000)
  object space 64000K, 9% used [0x0000000780000000,0x0000000780633cd0,0x0000000783e80000)
 Metaspace       used 7351K, capacity 7503K, committed 7680K, reserved 1056768K
  class space    used 714K, capacity 754K, committed 768K, reserved 1048576K
Event: 17.796 GC heap after
Heap after GC invocations=17 (full 0):
 PSYoungGen      total 11264K, used 672K [0x00000007aab00000, 0x00000007ab800000, 0x00000007c0000000)
  eden space 10240K, 0% used [0x00000007aab00000,0x00000007aab00000,0x00000007ab500000)
  from space 1024K, 65% used [0x00000007ab580000,0x00000007ab628000,0x00000007ab680000)
  to   space 1536K, 0% used [0x00000007ab680000,0x00000007ab680000,0x00000007ab800000)
 ParOldGen       total 64000K, used 6871K [0x0000000780000000, 0x0000000783e80000, 0x00000007aab00000)
  object space 64000K, 10% used [0x0000000780000000,0x00000007806b5cd0,0x0000000783e80000)
 Metaspace       used 7351K, capacity 7503K, committed 7680K, reserved 1056768K
  class space    used 714K, capacity 754K, committed 768K, reserved 1048576K
}
Event: 19.499 GC heap before
{Heap before GC invocations=18 (full 0):
 PSYoungGen      total 11264K, used 10852K [0x00000007aab00000, 0x00000007ab800000, 0x00000007c0000000)
  eden space 10240K, 99% used [0x00000007aab00000,0x00000007ab4f1028,0x00000007ab500000)
  from space 1024K, 65% used [0x00000007ab580000,0x00000007ab628000,0x00000007ab680000)
  to   space 1536K, 0% used [0x00000007ab680000,0x00000007ab680000,0x00000007ab800000)
 ParOldGen       total 64000K, used 6871K [0x0000000780000000, 0x0000000783e80000, 0x00000007aab00000)
  object space 64000K, 10% used [0x0000000780000000,0x00000007806b5cd0,0x0000000783e80000)
 Metaspace       used 7351K, capacity 7503K, committed 7680K, reserved 1056768K
  class space    used 714K, capacity 754K, committed 768K, reserved 1048576K
Event: 19.500 GC heap after
Heap after GC invocations=18 (full 0):
 PSYoungGen      total 11776K, used 672K [0x00000007aab00000, 0x00000007ab800000, 0x00000007c0000000)
  eden space 10240K, 0% used [0x00000007aab00000,0x00000007aab00000,0x00000007ab500000)
  from space 1536K, 43% used [0x00000007ab680000,0x00000007ab728000,0x00000007ab800000)
  to   space 1536K, 0% used [0x00000007ab500000,0x00000007ab500000,0x00000007ab680000)
 ParOldGen       total 64000K, used 7359K [0x0000000780000000, 0x0000000783e80000, 0x00000007aab00000)
  object space 64000K, 11% used [0x0000000780000000,0x000000078072fcd0,0x0000000783e80000)
 Metaspace       used 7351K, capacity 7503K, committed 7680K, reserved 1056768K
  class space    used 714K, capacity 754K, committed 768K, reserved 1048576K
}

